# JRE version: OpenJDK Runtime Environment (8.0_242-b01) (build 1.8.0_242-release-1644-b01)
# Java VM: OpenJDK 64-Bit Server VM (25.242-b01 mixed mode windows-amd64 compressed oops)
Heap:
 PSYoungGen      total 64000K, used 23791K [0x00000000d5580000, 0x00000000d9880000, 0x0000000100000000)
  eden space 59392K, 40% used [0x00000000d5580000,0x00000000d6cbbc98,0x00000000d8f80000)
  from space 4608K, 0% used [0x00000000d8f80000,0x00000000d8f80000,0x00000000d9400000)
  to   space 4608K, 0% used [0x00000000d9400000,0x00000000d9400000,0x00000000d9880000)
 ParOldGen       total 77824K, used 19823K [0x0000000080000000, 0x0000000084c00000, 0x00000000d5580000)
  object space 77824K, 25% used [0x0000000080000000,0x000000008135be18,0x0000000084c00000)
 Metaspace       used 43592K, capacity 44918K, committed 45224K, reserved 1089536K
  class space    used 5886K, capacity 6215K, committed 6320K, reserved 1048576K
GC Heap History (10 events):
Event: 55.184 GC heap before
{Heap before GC invocations=10 (full 1):
 PSYoungGen      total 64000K, used 63240K [0x00000000d5580000, 0x00000000d9880000, 0x0000000100000000)
  eden space 59392K, 98% used [0x00000000d5580000,0x00000000d8ec2020,0x00000000d8f80000)
  from space 4608K, 100% used [0x00000000d9400000,0x00000000d9880000,0x00000000d9880000)
  to   space 4608K, 0% used [0x00000000d8f80000,0x00000000d8f80000,0x00000000d9400000)
 ParOldGen       total 53760K, used 19133K [0x0000000080000000, 0x0000000083480000, 0x00000000d5580000)
  object space 53760K, 35% used [0x0000000080000000,0x00000000812af600,0x0000000083480000)
 Metaspace       used 34524K, capacity 35416K, committed 35496K, reserved 1079296K
  class space    used 4722K, capacity 4987K, committed 5040K, reserved 1048576K
Event: 55.203 GC heap after
Heap after GC invocations=10 (full 1):
 PSYoungGen      total 64000K, used 4592K [0x00000000d5580000, 0x00000000d9880000, 0x0000000100000000)
  eden space 59392K, 0% used [0x00000000d5580000,0x00000000d5580000,0x00000000d8f80000)
  from space 4608K, 99% used [0x00000000d8f80000,0x00000000d93fc010,0x00000000d9400000)
  to   space 4608K, 0% used [0x00000000d9400000,0x00000000d9400000,0x00000000d9880000)
 ParOldGen       total 53760K, used 23461K [0x0000000080000000, 0x0000000083480000, 0x00000000d5580000)
  object space 53760K, 43% used [0x0000000080000000,0x00000000816e94b8,0x0000000083480000)
 Metaspace       used 34524K, capacity 35416K, committed 35496K, reserved 1079296K
  class space    used 4722K, capacity 4987K, committed 5040K, reserved 1048576K
}
Event: 55.203 GC heap before
{Heap before GC invocations=11 (full 2):
 PSYoungGen      total 64000K, used 4592K [0x00000000d5580000, 0x00000000d9880000, 0x0000000100000000)
  eden space 59392K, 0% used [0x00000000d5580000,0x00000000d5580000,0x00000000d8f80000)
  from space 4608K, 99% used [0x00000000d8f80000,0x00000000d93fc010,0x00000000d9400000)
  to   space 4608K, 0% used [0x00000000d9400000,0x00000000d9400000,0x00000000d9880000)
 ParOldGen       total 53760K, used 23461K [0x0000000080000000, 0x0000000083480000, 0x00000000d5580000)
  object space 53760K, 43% used [0x0000000080000000,0x00000000816e94b8,0x0000000083480000)
 Metaspace       used 34524K, capacity 35416K, committed 35496K, reserved 1079296K
  class space    used 4722K, capacity 4987K, committed 5040K, reserved 1048576K
Event: 55.494 GC heap after
Heap after GC invocations=11 (full 2):
 PSYoungGen      total 64000K, used 0K [0x00000000d5580000, 0x00000000d9880000, 0x0000000100000000)
  eden space 59392K, 0% used [0x00000000d5580000,0x00000000d5580000,0x00000000d8f80000)
  from space 4608K, 0% used [0x00000000d8f80000,0x00000000d8f80000,0x00000000d9400000)
  to   space 4608K, 0% used [0x00000000d9400000,0x00000000d9400000,0x00000000d9880000)
 ParOldGen       total 77824K, used 16363K [0x0000000080000000, 0x0000000084c00000, 0x00000000d5580000)
  object space 77824K, 21% used [0x0000000080000000,0x0000000080ffad70,0x0000000084c00000)
 Metaspace       used 34524K, capacity 35416K, committed 35496K, reserved 1079296K
  class space    used 4722K, capacity 4987K, committed 5040K, reserved 1048576K
}
Event: 65.066 GC heap before
{Heap before GC invocations=12 (full 2):
 PSYoungGen      total 64000K, used 59392K [0x00000000d5580000, 0x00000000d9880000, 0x0000000100000000)
  eden space 59392K, 100% used [0x00000000d5580000,0x00000000d8f80000,0x00000000d8f80000)
  from space 4608K, 0% used [0x00000000d8f80000,0x00000000d8f80000,0x00000000d9400000)
  to   space 4608K, 0% used [0x00000000d9400000,0x00000000d9400000,0x00000000d9880000)
 ParOldGen       total 77824K, used 16363K [0x0000000080000000, 0x0000000084c00000, 0x00000000d5580000)
  object space 77824K, 21% used [0x0000000080000000,0x0000000080ffad70,0x0000000084c00000)
 Metaspace       used 39141K, capacity 40406K, committed 40616K, reserved 1083392K
  class space    used 5364K, capacity 5685K, committed 5808K, reserved 1048576K
Event: 65.112 GC heap after
Heap after GC invocations=12 (full 2):
 PSYoungGen      total 64000K, used 4576K [0x00000000d5580000, 0x00000000d9880000, 0x0000000100000000)
  eden space 59392K, 0% used [0x00000000d5580000,0x00000000d5580000,0x00000000d8f80000)
  from space 4608K, 99% used [0x00000000d9400000,0x00000000d9878020,0x00000000d9880000)
  to   space 4608K, 0% used [0x00000000d8f80000,0x00000000d8f80000,0x00000000d9400000)
 ParOldGen       total 77824K, used 19605K [0x0000000080000000, 0x0000000084c00000, 0x00000000d5580000)
  object space 77824K, 25% used [0x0000000080000000,0x00000000813255f8,0x0000000084c00000)
 Metaspace       used 39141K, capacity 40406K, committed 40616K, reserved 1083392K
  class space    used 5364K, capacity 5685K, committed 5808K, reserved 1048576K
}
Event: 67.511 GC heap before
{Heap before GC invocations=13 (full 2):
 PSYoungGen      total 64000K, used 20735K [0x00000000d5580000, 0x00000000d9880000, 0x0000000100000000)
  eden space 59392K, 27% used [0x00000000d5580000,0x00000000d6547fd0,0x00000000d8f80000)
  from space 4608K, 99% used [0x00000000d9400000,0x00000000d9878020,0x00000000d9880000)
  to   space 4608K, 0% used [0x00000000d8f80000,0x00000000d8f80000,0x00000000d9400000)
 ParOldGen       total 77824K, used 19605K [0x0000000080000000, 0x0000000084c00000, 0x00000000d5580000)
  object space 77824K, 25% used [0x0000000080000000,0x00000000813255f8,0x0000000084c00000)
 Metaspace       used 41101K, capacity 42406K, committed 42536K, reserved 1089536K
  class space    used 5560K, capacity 5885K, committed 5936K, reserved 1048576K
Event: 67.608 GC heap after
Heap after GC invocations=13 (full 2):
 PSYoungGen      total 64000K, used 2213K [0x00000000d5580000, 0x00000000d9880000, 0x0000000100000000)
  eden space 59392K, 0% used [0x00000000d5580000,0x00000000d5580000,0x00000000d8f80000)
  from space 4608K, 48% used [0x00000000d8f80000,0x00000000d91a9650,0x00000000d9400000)
  to   space 4608K, 0% used [0x00000000d9400000,0x00000000d9400000,0x00000000d9880000)
 ParOldGen       total 77824K, used 24130K [0x0000000080000000, 0x0000000084c00000, 0x00000000d5580000)
  object space 77824K, 31% used [0x0000000080000000,0x0000000081790808,0x0000000084c00000)
 Metaspace       used 41101K, capacity 42406K, committed 42536K, reserved 1089536K
  class space    used 5560K, capacity 5885K, committed 5936K, reserved 1048576K
}
Event: 67.608 GC heap before
{Heap before GC invocations=14 (full 3):
 PSYoungGen      total 64000K, used 2213K [0x00000000d5580000, 0x00000000d9880000, 0x0000000100000000)
  eden space 59392K, 0% used [0x00000000d5580000,0x00000000d5580000,0x00000000d8f80000)
  from space 4608K, 48% used [0x00000000d8f80000,0x00000000d91a9650,0x00000000d9400000)
  to   space 4608K, 0% used [0x00000000d9400000,0x00000000d9400000,0x00000000d9880000)
 ParOldGen       total 77824K, used 24130K [0x0000000080000000, 0x0000000084c00000, 0x00000000d5580000)
  object space 77824K, 31% used [0x0000000080000000,0x0000000081790808,0x0000000084c00000)
 Metaspace       used 41101K, capacity 42406K, committed 42536K, reserved 1089536K
  class space    used 5560K, capacity 5885K, committed 5936K, reserved 1048576K
Event: 67.900 GC heap after
Heap after GC invocations=14 (full 3):
 PSYoungGen      total 64000K, used 0K [0x00000000d5580000, 0x00000000d9880000, 0x0000000100000000)
  eden space 59392K, 0% used [0x00000000d5580000,0x00000000d5580000,0x00000000d8f80000)
  from space 4608K, 0% used [0x00000000d8f80000,0x00000000d8f80000,0x00000000d9400000)
  to   space 4608K, 0% used [0x00000000d9400000,0x00000000d9400000,0x00000000d9880000)
 ParOldGen       total 77824K, used 19823K [0x0000000080000000, 0x0000000084c00000, 0x00000000d5580000)
  object space 77824K, 25% used [0x0000000080000000,0x000000008135be18,0x0000000084c00000)
 Metaspace       used 41096K, capacity 42388K, committed 42536K, reserved 1087488K
  class space    used 5558K, capacity 5882K, committed 5936K, reserved 1048576K
}

